Traceback (most recent call last):
  File "main.py", line 55, in <module>
    main()
  File "main.py", line 27, in main
    coned = CONEDRecipe(conn, Results).run_all()
  File "/home/miles/Projects/BusinessLab/JustEnergy/icap/coned/coned.py", line 669, in run_all
    intv = CONEDInterval(self.conn).compute_icap()
  File "/home/miles/Projects/BusinessLab/JustEnergy/icap/coned/coned.py", line 248, in __init__
    CONED.__init__(self, conn)
  File "/home/miles/Projects/BusinessLab/JustEnergy/icap/coned/coned.py", line 35, in __init__
    self.temp_var = self.build_temperature_variant()
  File "/home/miles/Projects/BusinessLab/JustEnergy/icap/coned/coned.py", line 146, in build_temperature_variant
    ).pivot(columns='StationCode', values='RowSum'
  File "/home/miles/anaconda3/lib/python3.5/site-packages/pandas/core/frame.py", line 3946, in pivot
    return pivot(self, index=index, columns=columns, values=values)
  File "/home/miles/anaconda3/lib/python3.5/site-packages/pandas/core/reshape.py", line 336, in pivot
    return indexed.unstack(columns)
  File "/home/miles/anaconda3/lib/python3.5/site-packages/pandas/core/series.py", line 2088, in unstack
    return unstack(self, level, fill_value)
  File "/home/miles/anaconda3/lib/python3.5/site-packages/pandas/core/reshape.py", line 411, in unstack
    fill_value=fill_value)
  File "/home/miles/anaconda3/lib/python3.5/site-packages/pandas/core/reshape.py", line 103, in __init__
    self._make_selectors()
  File "/home/miles/anaconda3/lib/python3.5/site-packages/pandas/core/reshape.py", line 141, in _make_selectors
    raise ValueError('Index contains duplicate entries, '
ValueError: Index contains duplicate entries, cannot reshape
